# JRE version: Java(TM) SE Runtime Environment (8.0_192-b12) (build 1.8.0_192-b12)
# Java VM: Java HotSpot(TM) 64-Bit Server VM (25.192-b12 mixed mode bsd-amd64 compressed oops)
Heap:
 PSYoungGen      total 644608K, used 393384K [0x000000076ab00000, 0x0000000796f80000, 0x00000007c0000000)
  eden space 581120K, 58% used [0x000000076ab00000,0x000000077f8707a0,0x000000078e280000)
  from space 63488K, 81% used [0x0000000792600000,0x00000007958b9ad0,0x0000000796400000)
  to   space 69120K, 0% used [0x000000078e280000,0x000000078e280000,0x0000000792600000)
 ParOldGen       total 282624K, used 102579K [0x00000006c0000000, 0x00000006d1400000, 0x000000076ab00000)
  object space 282624K, 36% used [0x00000006c0000000,0x00000006c642cc00,0x00000006d1400000)
 Metaspace       used 60876K, capacity 81503K, committed 81816K, reserved 1110016K
  class space    used 15366K, capacity 22075K, committed 22184K, reserved 1048576K
GC Heap History (10 events):
Event: 9.405 GC heap before
{Heap before GC invocations=19 (full 3):
 PSYoungGen      total 332288K, used 332271K [0x000000076ab00000, 0x0000000788500000, 0x00000007c0000000)
  eden space 299008K, 100% used [0x000000076ab00000,0x000000077cf00000,0x000000077cf00000)
  from space 33280K, 99% used [0x000000077cf00000,0x000000077ef7bd08,0x000000077ef80000)
  to   space 44032K, 0% used [0x0000000785a00000,0x0000000785a00000,0x0000000788500000)
 ParOldGen       total 282624K, used 67829K [0x00000006c0000000, 0x00000006d1400000, 0x000000076ab00000)
  object space 282624K, 23% used [0x00000006c0000000,0x00000006c423d6a8,0x00000006d1400000)
 Metaspace       used 54789K, capacity 72021K, committed 72216K, reserved 1101824K
  class space    used 13466K, capacity 19157K, committed 19240K, reserved 1048576K
Event: 9.448 GC heap after
Heap after GC invocations=19 (full 3):
 PSYoungGen      total 432128K, used 44028K [0x000000076ab00000, 0x0000000789880000, 0x00000007c0000000)
  eden space 388096K, 0% used [0x000000076ab00000,0x000000076ab00000,0x0000000782600000)
  from space 44032K, 99% used [0x0000000785a00000,0x00000007884ff048,0x0000000788500000)
  to   space 53248K, 0% used [0x0000000782600000,0x0000000782600000,0x0000000785a00000)
 ParOldGen       total 282624K, used 72856K [0x00000006c0000000, 0x00000006d1400000, 0x000000076ab00000)
  object space 282624K, 25% used [0x00000006c0000000,0x00000006c4726310,0x00000006d1400000)
 Metaspace       used 54789K, capacity 72021K, committed 72216K, reserved 1101824K
  class space    used 13466K, capacity 19157K, committed 19240K, reserved 1048576K
}
Event: 9.996 GC heap before
{Heap before GC invocations=20 (full 3):
 PSYoungGen      total 432128K, used 432124K [0x000000076ab00000, 0x0000000789880000, 0x00000007c0000000)
  eden space 388096K, 100% used [0x000000076ab00000,0x0000000782600000,0x0000000782600000)
  from space 44032K, 99% used [0x0000000785a00000,0x00000007884ff048,0x0000000788500000)
  to   space 53248K, 0% used [0x0000000782600000,0x0000000782600000,0x0000000785a00000)
 ParOldGen       total 282624K, used 72856K [0x00000006c0000000, 0x00000006d1400000, 0x000000076ab00000)
  object space 282624K, 25% used [0x00000006c0000000,0x00000006c4726310,0x00000006d1400000)
 Metaspace       used 56910K, capacity 75449K, committed 75544K, reserved 1103872K
  class space    used 14149K, capacity 20237K, committed 20264K, reserved 1048576K
Event: 10.039 GC heap after
Heap after GC invocations=20 (full 3):
 PSYoungGen      total 441344K, used 49097K [0x000000076ab00000, 0x000000078f480000, 0x00000007c0000000)
  eden space 388096K, 0% used [0x000000076ab00000,0x000000076ab00000,0x0000000782600000)
  from space 53248K, 92% used [0x0000000782600000,0x00000007855f2488,0x0000000785a00000)
  to   space 60928K, 0% used [0x000000078b900000,0x000000078b900000,0x000000078f480000)
 ParOldGen       total 282624K, used 72864K [0x00000006c0000000, 0x00000006d1400000, 0x000000076ab00000)
  object space 282624K, 25% used [0x00000006c0000000,0x00000006c4728310,0x00000006d1400000)
 Metaspace       used 56910K, capacity 75449K, committed 75544K, reserved 1103872K
  class space    used 14149K, capacity 20237K, committed 20264K, reserved 1048576K
}
Event: 10.676 GC heap before
{Heap before GC invocations=21 (full 3):
 PSYoungGen      total 441344K, used 437193K [0x000000076ab00000, 0x000000078f480000, 0x00000007c0000000)
  eden space 388096K, 100% used [0x000000076ab00000,0x0000000782600000,0x0000000782600000)
  from space 53248K, 92% used [0x0000000782600000,0x00000007855f2488,0x0000000785a00000)
  to   space 60928K, 0% used [0x000000078b900000,0x000000078b900000,0x000000078f480000)
 ParOldGen       total 282624K, used 72864K [0x00000006c0000000, 0x00000006d1400000, 0x000000076ab00000)
  object space 282624K, 25% used [0x00000006c0000000,0x00000006c4728310,0x00000006d1400000)
 Metaspace       used 58968K, capacity 78485K, committed 78616K, reserved 1105920K
  class space    used 14836K, capacity 21253K, committed 21288K, reserved 1048576K
Event: 10.715 GC heap after
Heap after GC invocations=21 (full 3):
 PSYoungGen      total 536576K, used 32128K [0x000000076ab00000, 0x000000078f300000, 0x00000007c0000000)
  eden space 477184K, 0% used [0x000000076ab00000,0x000000076ab00000,0x0000000787d00000)
  from space 59392K, 54% used [0x000000078b900000,0x000000078d860250,0x000000078f300000)
  to   space 60416K, 0% used [0x0000000787d00000,0x0000000787d00000,0x000000078b800000)
 ParOldGen       total 282624K, used 92068K [0x00000006c0000000, 0x00000006d1400000, 0x000000076ab00000)
  object space 282624K, 32% used [0x00000006c0000000,0x00000006c59e9130,0x00000006d1400000)
 Metaspace       used 58968K, capacity 78485K, committed 78616K, reserved 1105920K
  class space    used 14836K, capacity 21253K, committed 21288K, reserved 1048576K
}
Event: 11.543 GC heap before
{Heap before GC invocations=22 (full 3):
 PSYoungGen      total 536576K, used 509312K [0x000000076ab00000, 0x000000078f300000, 0x00000007c0000000)
  eden space 477184K, 100% used [0x000000076ab00000,0x0000000787d00000,0x0000000787d00000)
  from space 59392K, 54% used [0x000000078b900000,0x000000078d860250,0x000000078f300000)
  to   space 60416K, 0% used [0x0000000787d00000,0x0000000787d00000,0x000000078b800000)
 ParOldGen       total 282624K, used 92068K [0x00000006c0000000, 0x00000006d1400000, 0x000000076ab00000)
  object space 282624K, 32% used [0x00000006c0000000,0x00000006c59e9130,0x00000006d1400000)
 Metaspace       used 60757K, capacity 81435K, committed 81560K, reserved 1107968K
  class space    used 15366K, capacity 22075K, committed 22184K, reserved 1048576K
Event: 11.593 GC heap after
Heap after GC invocations=22 (full 3):
 PSYoungGen      total 537600K, used 41747K [0x000000076ab00000, 0x0000000796400000, 0x00000007c0000000)
  eden space 477184K, 0% used [0x000000076ab00000,0x000000076ab00000,0x0000000787d00000)
  from space 60416K, 69% used [0x0000000787d00000,0x000000078a5c4fd8,0x000000078b800000)
  to   space 63488K, 0% used [0x0000000792600000,0x0000000792600000,0x0000000796400000)
 ParOldGen       total 282624K, used 96072K [0x00000006c0000000, 0x00000006d1400000, 0x000000076ab00000)
  object space 282624K, 33% used [0x00000006c0000000,0x00000006c5dd2270,0x00000006d1400000)
 Metaspace       used 60757K, capacity 81435K, committed 81560K, reserved 1107968K
  class space    used 15366K, capacity 22075K, committed 22184K, reserved 1048576K
}
Event: 12.615 GC heap before
{Heap before GC invocations=23 (full 3):
 PSYoungGen      total 537600K, used 518931K [0x000000076ab00000, 0x0000000796400000, 0x00000007c0000000)
  eden space 477184K, 100% used [0x000000076ab00000,0x0000000787d00000,0x0000000787d00000)
  from space 60416K, 69% used [0x0000000787d00000,0x000000078a5c4fd8,0x000000078b800000)
  to   space 63488K, 0% used [0x0000000792600000,0x0000000792600000,0x0000000796400000)
 ParOldGen       total 282624K, used 96072K [0x00000006c0000000, 0x00000006d1400000, 0x000000076ab00000)
  object space 282624K, 33% used [0x00000006c0000000,0x00000006c5dd2270,0x00000006d1400000)
 Metaspace       used 60832K, capacity 81499K, committed 81816K, reserved 1110016K
  class space    used 15366K, capacity 22075K, committed 22184K, reserved 1048576K
Event: 12.681 GC heap after
Heap after GC invocations=23 (full 3):
 PSYoungGen      total 644608K, used 51942K [0x000000076ab00000, 0x0000000796f80000, 0x00000007c0000000)
  eden space 581120K, 0% used [0x000000076ab00000,0x000000076ab00000,0x000000078e280000)
  from space 63488K, 81% used [0x0000000792600000,0x00000007958b9ad0,0x0000000796400000)
  to   space 69120K, 0% used [0x000000078e280000,0x000000078e280000,0x0000000792600000)
 ParOldGen       total 282624K, used 102579K [0x00000006c0000000, 0x00000006d1400000, 0x000000076ab00000)
  object space 282624K, 36% used [0x00000006c0000000,0x00000006c642cc00,0x00000006d1400000)
 Metaspace       used 60832K, capacity 81499K, committed 81816K, reserved 1110016K
  class space    used 15366K, capacity 22075K, committed 22184K, reserved 1048576K
}

